current directory: /home/crenaz/projects/ONLINE/GITHUB/ruby-test/gems/psych-5.3.1/ext/psych
/home/crenaz/.rbenv/versions/3.2.2/bin/ruby extconf.rb
creating Makefile

current directory: /home/crenaz/projects/ONLINE/GITHUB/ruby-test/gems/psych-5.3.1/ext/psych
make DESTDIR\= sitearchdir\=./.gem.20260103-10421-dbh0tg sitelibdir\=./.gem.20260103-10421-dbh0tg clean
cd libyaml && make clean
/bin/sh: 1: cd: can't cd to libyaml
make: [Makefile:283: clean-so] Error 2 (ignored)

current directory: /home/crenaz/projects/ONLINE/GITHUB/ruby-test/gems/psych-5.3.1/ext/psych
make DESTDIR\= sitearchdir\=./.gem.20260103-10421-dbh0tg sitelibdir\=./.gem.20260103-10421-dbh0tg
compiling psych.c
compiling psych_emitter.c
compiling psych_parser.c
compiling psych_to_ruby.c
compiling psych_yaml_tree.c
linking shared-object psych.so

current directory: /home/crenaz/projects/ONLINE/GITHUB/ruby-test/gems/psych-5.3.1/ext/psych
make DESTDIR\= sitearchdir\=./.gem.20260103-10421-dbh0tg sitelibdir\=./.gem.20260103-10421-dbh0tg install
/usr/bin/install -c -m 0755 psych.so ./.gem.20260103-10421-dbh0tg

current directory: /home/crenaz/projects/ONLINE/GITHUB/ruby-test/gems/psych-5.3.1/ext/psych
make DESTDIR\= sitearchdir\=./.gem.20260103-10421-dbh0tg sitelibdir\=./.gem.20260103-10421-dbh0tg clean
cd libyaml && make clean
/bin/sh: 1: cd: can't cd to libyaml
make: [Makefile:283: clean-so] Error 2 (ignored)
