LD_LIBRARY_PATH=.:/home/crenaz/.rbenv/versions/3.2.2/lib pkg-config --exists yaml-0.1
LD_LIBRARY_PATH=.:/home/crenaz/.rbenv/versions/3.2.2/lib pkg-config --libs yaml-0.1 |
=> "-L/home/linuxbrew/.linuxbrew/Cellar/libyaml/0.2.5/lib -lyaml\n"
LD_LIBRARY_PATH=.:/home/crenaz/.rbenv/versions/3.2.2/lib "gcc -o conftest -I/home/crenaz/.rbenv/versions/3.2.2/include/ruby-3.2.0/x86_64-linux -I/home/crenaz/.rbenv/versions/3.2.2/include/ruby-3.2.0/ruby/backward -I/home/crenaz/.rbenv/versions/3.2.2/include/ruby-3.2.0 -I. -I/home/linuxbrew/.linuxbrew/opt/gmp/include   -O3 -fno-fast-math -ggdb3 -Wall -Wextra -Wdeprecated-declarations -Wdiv-by-zero -Wduplicated-cond -Wimplicit-function-declaration -Wimplicit-int -Wmisleading-indentation -Wpointer-arith -Wwrite-strings -Wold-style-definition -Wimplicit-fallthrough=0 -Wmissing-noreturn -Wno-cast-function-type -Wno-constant-logical-operand -Wno-long-long -Wno-missing-field-initializers -Wno-overlength-strings -Wno-packed-bitfield-compat -Wno-parentheses-equality -Wno-self-assign -Wno-tautological-compare -Wno-unused-parameter -Wno-unused-value -Wsuggest-attribute=format -Wsuggest-attribute=noreturn -Wunused-variable -Wundef  -fPIC conftest.c  -L. -L/home/crenaz/.rbenv/versions/3.2.2/lib -Wl,-rpath,/home/crenaz/.rbenv/versions/3.2.2/lib -L. -fstack-protector-strong -L/home/linuxbrew/.linuxbrew/opt/gmp/lib  -Wl,-rpath,/home/linuxbrew/.linuxbrew/opt/gmp/lib -rdynamic -Wl,-export-dynamic -Wl,--no-as-needed     -Wl,-rpath,/home/crenaz/.rbenv/versions/3.2.2/lib -L/home/crenaz/.rbenv/versions/3.2.2/lib -lruby  -lm -lpthread  -lc"
checked program was:
/* begin */
1: #include "ruby.h"
2: 
3: int main(int argc, char **argv)
4: {
5:   return !!argv[argc];
6: }
/* end */

LD_LIBRARY_PATH=.:/home/crenaz/.rbenv/versions/3.2.2/lib "gcc -o conftest -I/home/crenaz/.rbenv/versions/3.2.2/include/ruby-3.2.0/x86_64-linux -I/home/crenaz/.rbenv/versions/3.2.2/include/ruby-3.2.0/ruby/backward -I/home/crenaz/.rbenv/versions/3.2.2/include/ruby-3.2.0 -I. -I/home/linuxbrew/.linuxbrew/opt/gmp/include   -O3 -fno-fast-math -ggdb3 -Wall -Wextra -Wdeprecated-declarations -Wdiv-by-zero -Wduplicated-cond -Wimplicit-function-declaration -Wimplicit-int -Wmisleading-indentation -Wpointer-arith -Wwrite-strings -Wold-style-definition -Wimplicit-fallthrough=0 -Wmissing-noreturn -Wno-cast-function-type -Wno-constant-logical-operand -Wno-long-long -Wno-missing-field-initializers -Wno-overlength-strings -Wno-packed-bitfield-compat -Wno-parentheses-equality -Wno-self-assign -Wno-tautological-compare -Wno-unused-parameter -Wno-unused-value -Wsuggest-attribute=format -Wsuggest-attribute=noreturn -Wunused-variable -Wundef  -fPIC conftest.c  -L. -L/home/crenaz/.rbenv/versions/3.2.2/lib -Wl,-rpath,/home/crenaz/.rbenv/versions/3.2.2/lib -L. -fstack-protector-strong -L/home/linuxbrew/.linuxbrew/opt/gmp/lib  -Wl,-rpath,/home/linuxbrew/.linuxbrew/opt/gmp/lib -rdynamic -Wl,-export-dynamic -Wl,--no-as-needed     -Wl,-rpath,/home/crenaz/.rbenv/versions/3.2.2/lib -L/home/crenaz/.rbenv/versions/3.2.2/lib -lruby -L/home/linuxbrew/.linuxbrew/Cellar/libyaml/0.2.5/lib -lyaml -lm -lpthread  -lc"
checked program was:
/* begin */
1: #include "ruby.h"
2: 
3: int main(int argc, char **argv)
4: {
5:   return !!argv[argc];
6: }
/* end */

LD_LIBRARY_PATH=.:/home/crenaz/.rbenv/versions/3.2.2/lib pkg-config --cflags-only-I yaml-0.1 |
=> "-I/home/linuxbrew/.linuxbrew/Cellar/libyaml/0.2.5/include\n"
LD_LIBRARY_PATH=.:/home/crenaz/.rbenv/versions/3.2.2/lib pkg-config --cflags-only-other yaml-0.1 |
=> "\n"
LD_LIBRARY_PATH=.:/home/crenaz/.rbenv/versions/3.2.2/lib pkg-config --libs-only-l yaml-0.1 |
=> "-lyaml\n"
package configuration for yaml-0.1
incflags: -I/home/linuxbrew/.linuxbrew/Cellar/libyaml/0.2.5/include
cflags: 
ldflags: -L/home/linuxbrew/.linuxbrew/Cellar/libyaml/0.2.5/lib
libs: -lyaml

