current directory: /home/crenaz/projects/ONLINE/GITHUB/ruby-test/gems/json-2.18.0/ext/json/ext/parser
/home/crenaz/.rbenv/versions/3.2.2/bin/ruby extconf.rb
checking for rb_enc_interned_str() in ruby/encoding.h... yes
checking for rb_str_to_interned_str() in ruby.h... yes
checking for rb_hash_new_capa() in ruby.h... yes
checking for rb_hash_bulk_insert() in ruby.h... yes
checking for whether -std=c99 is accepted as CFLAGS... yes
checking for x86intrin.h... yes
checking for cpuid.h... yes
creating Makefile

current directory: /home/crenaz/projects/ONLINE/GITHUB/ruby-test/gems/json-2.18.0/ext/json/ext/parser
make DESTDIR\= sitearchdir\=./.gem.20260103-10421-vfjamn sitelibdir\=./.gem.20260103-10421-vfjamn clean

current directory: /home/crenaz/projects/ONLINE/GITHUB/ruby-test/gems/json-2.18.0/ext/json/ext/parser
make DESTDIR\= sitearchdir\=./.gem.20260103-10421-vfjamn sitelibdir\=./.gem.20260103-10421-vfjamn
compiling parser.c
linking shared-object json/ext/parser.so

current directory: /home/crenaz/projects/ONLINE/GITHUB/ruby-test/gems/json-2.18.0/ext/json/ext/parser
make DESTDIR\= sitearchdir\=./.gem.20260103-10421-vfjamn sitelibdir\=./.gem.20260103-10421-vfjamn install
/usr/bin/install -c -m 0755 parser.so ./.gem.20260103-10421-vfjamn/json/ext

current directory: /home/crenaz/projects/ONLINE/GITHUB/ruby-test/gems/json-2.18.0/ext/json/ext/parser
make DESTDIR\= sitearchdir\=./.gem.20260103-10421-vfjamn sitelibdir\=./.gem.20260103-10421-vfjamn clean
