current directory: /home/crenaz/projects/ONLINE/GITHUB/ruby-test/gems/websocket-driver-0.8.0/ext/websocket-driver
/home/crenaz/.rbenv/versions/3.2.2/bin/ruby extconf.rb
creating Makefile

current directory: /home/crenaz/projects/ONLINE/GITHUB/ruby-test/gems/websocket-driver-0.8.0/ext/websocket-driver
make DESTDIR\= sitearchdir\=./.gem.20260103-10421-yauhu7 sitelibdir\=./.gem.20260103-10421-yauhu7 clean

current directory: /home/crenaz/projects/ONLINE/GITHUB/ruby-test/gems/websocket-driver-0.8.0/ext/websocket-driver
make DESTDIR\= sitearchdir\=./.gem.20260103-10421-yauhu7 sitelibdir\=./.gem.20260103-10421-yauhu7
compiling websocket_mask.c
websocket_mask.c: In function ‘Init_websocket_mask’:
websocket_mask.c:26:6: warning: old-style function definition [-Wold-style-definition]
   26 | void Init_websocket_mask()
      |      ^~~~~~~~~~~~~~~~~~~
websocket_mask.c: At top level:
cc1: warning: unrecognized command line option ‘-Wno-self-assign’
cc1: warning: unrecognized command line option ‘-Wno-parentheses-equality’
cc1: warning: unrecognized command line option ‘-Wno-constant-logical-operand’
linking shared-object websocket_mask.so

current directory: /home/crenaz/projects/ONLINE/GITHUB/ruby-test/gems/websocket-driver-0.8.0/ext/websocket-driver
make DESTDIR\= sitearchdir\=./.gem.20260103-10421-yauhu7 sitelibdir\=./.gem.20260103-10421-yauhu7 install
/usr/bin/install -c -m 0755 websocket_mask.so ./.gem.20260103-10421-yauhu7

current directory: /home/crenaz/projects/ONLINE/GITHUB/ruby-test/gems/websocket-driver-0.8.0/ext/websocket-driver
make DESTDIR\= sitearchdir\=./.gem.20260103-10421-yauhu7 sitelibdir\=./.gem.20260103-10421-yauhu7 clean
