current directory: /home/crenaz/projects/ONLINE/GITHUB/ruby-test/gems/bcrypt_pbkdf-1.1.2/ext/mri
/home/crenaz/.rbenv/versions/3.2.2/bin/ruby extconf.rb
creating Makefile

current directory: /home/crenaz/projects/ONLINE/GITHUB/ruby-test/gems/bcrypt_pbkdf-1.1.2/ext/mri
make DESTDIR\= sitearchdir\=./.gem.20260103-10421-ek4w4z sitelibdir\=./.gem.20260103-10421-ek4w4z clean

current directory: /home/crenaz/projects/ONLINE/GITHUB/ruby-test/gems/bcrypt_pbkdf-1.1.2/ext/mri
make DESTDIR\= sitearchdir\=./.gem.20260103-10421-ek4w4z sitelibdir\=./.gem.20260103-10421-ek4w4z
compiling bcrypt_pbkdf.c
compiling bcrypt_pbkdf_ext.c
bcrypt_pbkdf_ext.c: In function ‘Init_bcrypt_pbkdf_ext’:
bcrypt_pbkdf_ext.c:38:6: warning: old-style function definition [-Wold-style-definition]
   38 | void Init_bcrypt_pbkdf_ext(){
      |      ^~~~~~~~~~~~~~~~~~~~~
bcrypt_pbkdf_ext.c: At top level:
cc1: warning: unrecognized command line option ‘-Wno-self-assign’
cc1: warning: unrecognized command line option ‘-Wno-parentheses-equality’
cc1: warning: unrecognized command line option ‘-Wno-constant-logical-operand’
compiling blowfish.c
compiling explicit_bzero.c
compiling hash_sha512.c
linking shared-object bcrypt_pbkdf_ext.so

current directory: /home/crenaz/projects/ONLINE/GITHUB/ruby-test/gems/bcrypt_pbkdf-1.1.2/ext/mri
make DESTDIR\= sitearchdir\=./.gem.20260103-10421-ek4w4z sitelibdir\=./.gem.20260103-10421-ek4w4z install
/usr/bin/install -c -m 0755 bcrypt_pbkdf_ext.so ./.gem.20260103-10421-ek4w4z

current directory: /home/crenaz/projects/ONLINE/GITHUB/ruby-test/gems/bcrypt_pbkdf-1.1.2/ext/mri
make DESTDIR\= sitearchdir\=./.gem.20260103-10421-ek4w4z sitelibdir\=./.gem.20260103-10421-ek4w4z clean
