current directory: /home/crenaz/projects/ONLINE/GITHUB/ruby-test/gems/date-3.5.1/ext/date
/home/crenaz/.rbenv/versions/3.2.2/bin/ruby extconf.rb
checking for rb_category_warn()... yes
checking for timezone in time.h with  -Werror... yes
checking for altzone in time.h with  -Werror... no
creating Makefile

current directory: /home/crenaz/projects/ONLINE/GITHUB/ruby-test/gems/date-3.5.1/ext/date
make DESTDIR\= sitearchdir\=./.gem.20260103-10421-jqguxv sitelibdir\=./.gem.20260103-10421-jqguxv clean

current directory: /home/crenaz/projects/ONLINE/GITHUB/ruby-test/gems/date-3.5.1/ext/date
make DESTDIR\= sitearchdir\=./.gem.20260103-10421-jqguxv sitelibdir\=./.gem.20260103-10421-jqguxv
compiling date_core.c
compiling date_parse.c
compiling date_strftime.c
compiling date_strptime.c
linking shared-object date_core.so

current directory: /home/crenaz/projects/ONLINE/GITHUB/ruby-test/gems/date-3.5.1/ext/date
make DESTDIR\= sitearchdir\=./.gem.20260103-10421-jqguxv sitelibdir\=./.gem.20260103-10421-jqguxv install
/usr/bin/install -c -m 0755 date_core.so ./.gem.20260103-10421-jqguxv

current directory: /home/crenaz/projects/ONLINE/GITHUB/ruby-test/gems/date-3.5.1/ext/date
make DESTDIR\= sitearchdir\=./.gem.20260103-10421-jqguxv sitelibdir\=./.gem.20260103-10421-jqguxv clean
